2025-07-22 08:12:07.452 [background-preinit] INFO  o.h.validator.internal.util.Version.<clinit>:21 - HV000001: Hibernate Validator 8.0.2.Final
2025-07-22 08:12:07.498 [restartedMain] INFO  c.example.backend.BackendApplication.logStarting:53 - Starting BackendApplication using Java 23.0.2 with PID 12096 (D:\Staj-Proje\Backend\target\classes started by Monsterr in D:\Staj-Proje\Backend)
2025-07-22 08:12:07.498 [restartedMain] DEBUG c.example.backend.BackendApplication.logStarting:54 - Running with Spring Boot v3.5.3, Spring v6.2.8
2025-07-22 08:12:07.499 [restartedMain] INFO  c.example.backend.BackendApplication.logStartupProfileInfo:652 - No active profile set, falling back to 1 default profile: "default"
2025-07-22 08:12:07.546 [restartedMain] INFO  o.s.b.d.e.DevToolsPropertyDefaultsPostProcessor.logTo:252 - Devtools property defaults active! Set 'spring.devtools.add-properties' to 'false' to disable
2025-07-22 08:12:07.546 [restartedMain] INFO  o.s.b.d.e.DevToolsPropertyDefaultsPostProcessor.logTo:252 - For additional web related logging consider setting the 'logging.level.web' property to 'DEBUG'
2025-07-22 08:12:08.090 [restartedMain] INFO  o.s.d.r.c.RepositoryConfigurationDelegate.registerRepositoriesIn:145 - Bootstrapping Spring Data JPA repositories in DEFAULT mode.
2025-07-22 08:12:08.135 [restartedMain] INFO  o.s.d.r.c.RepositoryConfigurationDelegate.registerRepositoriesIn:213 - Finished Spring Data repository scanning in 38 ms. Found 3 JPA repository interfaces.
2025-07-22 08:12:08.541 [restartedMain] INFO  o.s.b.w.e.tomcat.TomcatWebServer.initialize:111 - Tomcat initialized with port 8080 (http)
2025-07-22 08:12:08.552 [restartedMain] INFO  o.a.coyote.http11.Http11NioProtocol.log:168 - Initializing ProtocolHandler ["http-nio-8080"]
2025-07-22 08:12:08.553 [restartedMain] INFO  o.a.catalina.core.StandardService.log:168 - Starting service [Tomcat]
2025-07-22 08:12:08.554 [restartedMain] INFO  o.a.catalina.core.StandardEngine.log:168 - Starting Servlet engine: [Apache Tomcat/10.1.42]
2025-07-22 08:12:08.585 [restartedMain] INFO  o.a.c.c.C.[Tomcat].[localhost].[/].log:168 - Initializing Spring embedded WebApplicationContext
2025-07-22 08:12:08.585 [restartedMain] INFO  o.s.b.w.s.c.ServletWebServerApplicationContext.prepareWebApplicationContext:301 - Root WebApplicationContext: initialization completed in 1039 ms
2025-07-22 08:12:08.709 [restartedMain] INFO  o.h.jpa.internal.util.LogHelper.logPersistenceUnitInformation:31 - HHH000204: Processing PersistenceUnitInfo [name: default]
2025-07-22 08:12:08.758 [restartedMain] INFO  org.hibernate.Version.logVersion:44 - HHH000412: Hibernate ORM core version 6.6.18.Final
2025-07-22 08:12:08.789 [restartedMain] INFO  o.h.c.i.RegionFactoryInitiator.initiateService:50 - HHH000026: Second-level cache disabled
2025-07-22 08:12:09.018 [restartedMain] INFO  o.s.o.j.p.SpringPersistenceUnitInfo.addTransformer:87 - No LoadTimeWeaver setup: ignoring JPA class transformer
2025-07-22 08:12:09.042 [restartedMain] INFO  com.zaxxer.hikari.HikariDataSource.getConnection:109 - HikariPool-1 - Starting...
2025-07-22 08:12:09.206 [restartedMain] INFO  com.zaxxer.hikari.pool.HikariPool.checkFailFast:575 - HikariPool-1 - Added connection org.postgresql.jdbc.PgConnection@3cb8c0bb
2025-07-22 08:12:09.207 [restartedMain] INFO  com.zaxxer.hikari.HikariDataSource.getConnection:122 - HikariPool-1 - Start completed.
2025-07-22 08:12:09.300 [restartedMain] INFO  o.hibernate.orm.connections.pooling.logConnectionInfo:163 - HHH10001005: Database info:
	Database JDBC URL [Connecting through datasource 'HikariDataSource (HikariPool-1)']
	Database driver: undefined/unknown
	Database version: 17.4
	Autocommit mode: undefined/unknown
	Isolation level: undefined/unknown
	Minimum pool size: undefined/unknown
	Maximum pool size: undefined/unknown
2025-07-22 08:12:09.985 [restartedMain] INFO  o.h.e.t.j.p.i.JtaPlatformInitiator.initiateService:59 - HHH000489: No JTA platform available (set 'hibernate.transaction.jta.platform' to enable JTA platform integration)
2025-07-22 08:12:10.127 [restartedMain] INFO  o.s.o.j.LocalContainerEntityManagerFactoryBean.buildNativeEntityManagerFactory:447 - Initialized JPA EntityManagerFactory for persistence unit 'default'
2025-07-22 08:12:10.355 [restartedMain] INFO  c.e.backend.config.SecurityConfig.passwordEncoder:25 - [GÜVENLİK] BCryptPasswordEncoder bean'i oluşturuluyor
2025-07-22 08:12:10.413 [restartedMain] WARN  o.s.b.a.o.j.JpaBaseConfiguration$JpaWebConfiguration.openEntityManagerInViewInterceptor:258 - spring.jpa.open-in-view is enabled by default. Therefore, database queries may be performed during view rendering. Explicitly configure spring.jpa.open-in-view to disable this warning
2025-07-22 08:12:10.436 [restartedMain] WARN  o.s.b.a.s.s.UserDetailsServiceAutoConfiguration.getOrDeducePassword:90 - 

Using generated security password: d3edfde0-2d1d-497d-9092-a407a9570fdb

This generated password is for development use only. Your security configuration must be updated before running your application in production.

2025-07-22 08:12:10.441 [restartedMain] INFO  o.s.s.c.a.a.c.InitializeUserDetailsBeanManagerConfigurer$InitializeUserDetailsManagerConfigurer.configure:110 - Global AuthenticationManager configured with UserDetailsService bean with name inMemoryUserDetailsManager
2025-07-22 08:12:10.488 [restartedMain] INFO  c.e.backend.config.SecurityConfig.filterChain:31 - [GÜVENLİK] Security filter chain konfigürasyonu başlatıldı
2025-07-22 08:12:10.488 [restartedMain] DEBUG c.e.backend.config.SecurityConfig.filterChain:36 - [GÜVENLİK] CSRF repository ayarlandı: org.springframework.security.web.csrf.CookieCsrfTokenRepository@113de3f0
2025-07-22 08:12:10.489 [restartedMain] DEBUG c.e.backend.config.SecurityConfig.lambda$filterChain$0:40 - [GÜVENLİK-CORS] CORS konfigürasyonu uygulanıyor
2025-07-22 08:12:10.489 [restartedMain] INFO  c.e.backend.config.SecurityConfig.corsConfigurationSource:90 - [GÜVENLİK-CORS] CORS konfigürasyonu oluşturuluyor
2025-07-22 08:12:10.490 [restartedMain] DEBUG c.e.backend.config.SecurityConfig.corsConfigurationSource:99 - [GÜVENLİK-CORS] İzin verilen origin: [http://localhost:4200]
2025-07-22 08:12:10.490 [restartedMain] DEBUG c.e.backend.config.SecurityConfig.corsConfigurationSource:100 - [GÜVENLİK-CORS] İzin verilen method'lar: [GET, POST, PUT, DELETE, OPTIONS]
2025-07-22 08:12:10.490 [restartedMain] DEBUG c.e.backend.config.SecurityConfig.corsConfigurationSource:101 - [GÜVENLİK-CORS] İzin verilen header'lar: [*]
2025-07-22 08:12:10.491 [restartedMain] DEBUG c.e.backend.config.SecurityConfig.corsConfigurationSource:102 - [GÜVENLİK-CORS] Credentials izni: true
2025-07-22 08:12:10.491 [restartedMain] INFO  c.e.backend.config.SecurityConfig.corsConfigurationSource:107 - [GÜVENLİK-CORS] CORS konfigürasyonu başarıyla oluşturuldu
2025-07-22 08:12:10.492 [restartedMain] DEBUG c.e.backend.config.SecurityConfig.lambda$filterChain$3:44 - [GÜVENLİK-CSRF] CSRF konfigürasyonu uygulanıyor
2025-07-22 08:12:10.614 [restartedMain] INFO  c.e.backend.config.SecurityConfig.filterChain:79 - [GÜVENLİK] Security filter chain başarıyla konfigüre edildi
2025-07-22 08:12:10.633 [restartedMain] DEBUG o.s.s.web.DefaultSecurityFilterChain.<init>:72 - Will secure any request with filters: DisableEncodeUrlFilter, WebAsyncManagerIntegrationFilter, SecurityContextHolderFilter, HeaderWriterFilter, CorsFilter, CsrfFilter, LogoutFilter, RequestCacheAwareFilter, SecurityContextHolderAwareRequestFilter, AnonymousAuthenticationFilter, ExceptionTranslationFilter, AuthorizationFilter
2025-07-22 08:12:10.781 [restartedMain] INFO  o.s.b.d.a.OptionalLiveReloadServer.startServer:59 - LiveReload server is running on port 35729
2025-07-22 08:12:10.794 [restartedMain] INFO  o.a.coyote.http11.Http11NioProtocol.log:168 - Starting ProtocolHandler ["http-nio-8080"]
2025-07-22 08:12:10.806 [restartedMain] INFO  o.s.b.w.e.tomcat.TomcatWebServer.start:243 - Tomcat started on port 8080 (http) with context path '/'
2025-07-22 08:12:10.812 [restartedMain] INFO  c.example.backend.BackendApplication.logStarted:59 - Started BackendApplication in 3.8 seconds (process running for 4.534)
2025-07-22 08:12:10.815 [restartedMain] INFO  c.e.backend.config.DataInitializer.run:33 - [DATA-INIT] Uygulama başlatılıyor - Veri kontrolü yapılıyor
2025-07-22 08:12:11.072 [restartedMain] INFO  c.e.backend.config.DataInitializer.run:37 - [DATA-INIT] Mevcut bölüm sayısı: 5
2025-07-22 08:12:11.073 [restartedMain] INFO  c.e.backend.config.DataInitializer.run:44 - [DATA-INIT] Bölümler zaten mevcut, yeni bölüm eklenmeyecek
2025-07-22 08:12:11.125 [restartedMain] INFO  c.e.backend.config.DataInitializer.run:56 - [DATA-INIT] İlk ADMIN Kullanıcısı zaten mevcut, tekrar eklenmeyecek
2025-07-22 08:12:16.646 [http-nio-8080-exec-1] INFO  o.a.c.c.C.[Tomcat].[localhost].[/].log:168 - Initializing Spring DispatcherServlet 'dispatcherServlet'
2025-07-22 08:12:16.647 [http-nio-8080-exec-1] INFO  o.s.web.servlet.DispatcherServlet.initServletBean:532 - Initializing Servlet 'dispatcherServlet'
2025-07-22 08:12:16.649 [http-nio-8080-exec-1] INFO  o.s.web.servlet.DispatcherServlet.initServletBean:554 - Completed initialization in 2 ms
2025-07-22 08:12:16.680 [http-nio-8080-exec-1] DEBUG o.s.security.web.FilterChainProxy.doFilterInternal:223 - Securing GET /api/csrf
2025-07-22 08:12:16.717 [http-nio-8080-exec-1] DEBUG c.e.backend.config.SecurityConfig.lambda$filterChain$2:50 - [GÜVENLİK-CSRF] CSRF token isteği alındı: Method=GET, URI=/api/csrf
2025-07-22 08:12:16.723 [http-nio-8080-exec-1] DEBUG c.e.backend.config.SecurityConfig.lambda$filterChain$2:58 - [GÜVENLİK-CSRF] Token parametre adı: _csrf, header adı: X-XSRF-TOKEN, değer: c6ed8d23-2ea3-43cf-80ad-a6eb7377ef09
2025-07-22 08:12:16.723 [http-nio-8080-exec-1] INFO  c.e.backend.config.SecurityConfig.lambda$filterChain$2:63 - [GÜVENLİK-CSRF] CSRF token yeni oluşturuldu - /api/csrf: c6ed8d23-2ea3-43cf-80ad-a6eb7377ef09
2025-07-22 08:12:16.729 [http-nio-8080-exec-1] DEBUG o.s.security.web.FilterChainProxy.lambda$doFilterInternal$3:227 - Secured GET /api/csrf
2025-07-22 08:12:16.746 [http-nio-8080-exec-1] DEBUG c.e.b.controller.CsrfController.getCsrfToken:13 - [GÜVENLİK-CSRF] CSRF token isteği alındı, sadece cookie set edilecek. Veri Dönmez!
2025-07-22 08:12:16.767 [http-nio-8080-exec-1] DEBUG o.s.s.w.a.AnonymousAuthenticationFilter.defaultWithAnonymous:119 - Set SecurityContextHolder to anonymous SecurityContext
2025-07-22 08:17:34.751 [SpringApplicationShutdownHook] INFO  o.s.b.w.e.tomcat.GracefulShutdown.shutDownGracefully:54 - Commencing graceful shutdown. Waiting for active requests to complete
2025-07-22 08:17:34.758 [tomcat-shutdown] INFO  o.s.b.w.e.tomcat.GracefulShutdown.doShutdown:76 - Graceful shutdown complete
2025-07-22 08:17:34.762 [SpringApplicationShutdownHook] INFO  o.s.o.j.LocalContainerEntityManagerFactoryBean.destroy:660 - Closing JPA EntityManagerFactory for persistence unit 'default'
2025-07-22 08:17:34.765 [SpringApplicationShutdownHook] INFO  com.zaxxer.hikari.HikariDataSource.close:349 - HikariPool-1 - Shutdown initiated...
2025-07-22 08:17:34.767 [SpringApplicationShutdownHook] INFO  com.zaxxer.hikari.HikariDataSource.close:351 - HikariPool-1 - Shutdown completed.
2025-07-22 08:44:53.769 [background-preinit] INFO  o.h.validator.internal.util.Version.<clinit>:21 - HV000001: Hibernate Validator 8.0.2.Final
2025-07-22 08:44:53.810 [restartedMain] INFO  c.example.backend.BackendApplication.logStarting:53 - Starting BackendApplication using Java 23.0.2 with PID 12556 (D:\Staj-Proje\Backend\target\classes started by Monsterr in D:\Staj-Proje\Backend)
2025-07-22 08:44:53.811 [restartedMain] DEBUG c.example.backend.BackendApplication.logStarting:54 - Running with Spring Boot v3.5.3, Spring v6.2.8
2025-07-22 08:44:53.812 [restartedMain] INFO  c.example.backend.BackendApplication.logStartupProfileInfo:652 - No active profile set, falling back to 1 default profile: "default"
2025-07-22 08:44:53.864 [restartedMain] INFO  o.s.b.d.e.DevToolsPropertyDefaultsPostProcessor.logTo:252 - Devtools property defaults active! Set 'spring.devtools.add-properties' to 'false' to disable
2025-07-22 08:44:53.865 [restartedMain] INFO  o.s.b.d.e.DevToolsPropertyDefaultsPostProcessor.logTo:252 - For additional web related logging consider setting the 'logging.level.web' property to 'DEBUG'
2025-07-22 08:44:54.523 [restartedMain] INFO  o.s.d.r.c.RepositoryConfigurationDelegate.registerRepositoriesIn:145 - Bootstrapping Spring Data JPA repositories in DEFAULT mode.
2025-07-22 08:44:54.572 [restartedMain] INFO  o.s.d.r.c.RepositoryConfigurationDelegate.registerRepositoriesIn:213 - Finished Spring Data repository scanning in 40 ms. Found 3 JPA repository interfaces.
2025-07-22 08:44:55.008 [restartedMain] INFO  o.s.b.w.e.tomcat.TomcatWebServer.initialize:111 - Tomcat initialized with port 8080 (http)
2025-07-22 08:44:55.017 [restartedMain] INFO  o.a.coyote.http11.Http11NioProtocol.log:168 - Initializing ProtocolHandler ["http-nio-8080"]
2025-07-22 08:44:55.018 [restartedMain] INFO  o.a.catalina.core.StandardService.log:168 - Starting service [Tomcat]
2025-07-22 08:44:55.018 [restartedMain] INFO  o.a.catalina.core.StandardEngine.log:168 - Starting Servlet engine: [Apache Tomcat/10.1.42]
2025-07-22 08:44:55.051 [restartedMain] INFO  o.a.c.c.C.[Tomcat].[localhost].[/].log:168 - Initializing Spring embedded WebApplicationContext
2025-07-22 08:44:55.051 [restartedMain] INFO  o.s.b.w.s.c.ServletWebServerApplicationContext.prepareWebApplicationContext:301 - Root WebApplicationContext: initialization completed in 1186 ms
2025-07-22 08:44:55.172 [restartedMain] INFO  o.h.jpa.internal.util.LogHelper.logPersistenceUnitInformation:31 - HHH000204: Processing PersistenceUnitInfo [name: default]
2025-07-22 08:44:55.204 [restartedMain] INFO  org.hibernate.Version.logVersion:44 - HHH000412: Hibernate ORM core version 6.6.18.Final
2025-07-22 08:44:55.227 [restartedMain] INFO  o.h.c.i.RegionFactoryInitiator.initiateService:50 - HHH000026: Second-level cache disabled
2025-07-22 08:44:55.427 [restartedMain] INFO  o.s.o.j.p.SpringPersistenceUnitInfo.addTransformer:87 - No LoadTimeWeaver setup: ignoring JPA class transformer
2025-07-22 08:44:55.446 [restartedMain] INFO  com.zaxxer.hikari.HikariDataSource.getConnection:109 - HikariPool-1 - Starting...
2025-07-22 08:44:55.572 [restartedMain] INFO  com.zaxxer.hikari.pool.HikariPool.checkFailFast:575 - HikariPool-1 - Added connection org.postgresql.jdbc.PgConnection@5263856a
2025-07-22 08:44:55.573 [restartedMain] INFO  com.zaxxer.hikari.HikariDataSource.getConnection:122 - HikariPool-1 - Start completed.
2025-07-22 08:44:55.616 [restartedMain] INFO  o.hibernate.orm.connections.pooling.logConnectionInfo:163 - HHH10001005: Database info:
	Database JDBC URL [Connecting through datasource 'HikariDataSource (HikariPool-1)']
	Database driver: undefined/unknown
	Database version: 17.4
	Autocommit mode: undefined/unknown
	Isolation level: undefined/unknown
	Minimum pool size: undefined/unknown
	Maximum pool size: undefined/unknown
2025-07-22 08:44:56.239 [restartedMain] INFO  o.h.e.t.j.p.i.JtaPlatformInitiator.initiateService:59 - HHH000489: No JTA platform available (set 'hibernate.transaction.jta.platform' to enable JTA platform integration)
2025-07-22 08:44:56.346 [restartedMain] INFO  o.s.o.j.LocalContainerEntityManagerFactoryBean.buildNativeEntityManagerFactory:447 - Initialized JPA EntityManagerFactory for persistence unit 'default'
2025-07-22 08:44:56.546 [restartedMain] INFO  c.e.backend.config.SecurityConfig.passwordEncoder:25 - [GÜVENLİK] BCryptPasswordEncoder bean'i oluşturuluyor
2025-07-22 08:44:56.604 [restartedMain] WARN  o.s.b.a.o.j.JpaBaseConfiguration$JpaWebConfiguration.openEntityManagerInViewInterceptor:258 - spring.jpa.open-in-view is enabled by default. Therefore, database queries may be performed during view rendering. Explicitly configure spring.jpa.open-in-view to disable this warning
2025-07-22 08:44:56.624 [restartedMain] WARN  o.s.b.a.s.s.UserDetailsServiceAutoConfiguration.getOrDeducePassword:90 - 

Using generated security password: b9c26cf0-c9d7-4538-98c9-53afb66ae4ff

This generated password is for development use only. Your security configuration must be updated before running your application in production.

2025-07-22 08:44:56.629 [restartedMain] INFO  o.s.s.c.a.a.c.InitializeUserDetailsBeanManagerConfigurer$InitializeUserDetailsManagerConfigurer.configure:110 - Global AuthenticationManager configured with UserDetailsService bean with name inMemoryUserDetailsManager
2025-07-22 08:44:56.662 [restartedMain] INFO  c.e.backend.config.SecurityConfig.filterChain:31 - [GÜVENLİK] Security filter chain konfigürasyonu başlatıldı
2025-07-22 08:44:56.663 [restartedMain] DEBUG c.e.backend.config.SecurityConfig.filterChain:36 - [GÜVENLİK] CSRF repository ayarlandı: org.springframework.security.web.csrf.CookieCsrfTokenRepository@743f291
2025-07-22 08:44:56.664 [restartedMain] DEBUG c.e.backend.config.SecurityConfig.lambda$filterChain$0:40 - [GÜVENLİK-CORS] CORS konfigürasyonu uygulanıyor
2025-07-22 08:44:56.664 [restartedMain] INFO  c.e.backend.config.SecurityConfig.corsConfigurationSource:90 - [GÜVENLİK-CORS] CORS konfigürasyonu oluşturuluyor
2025-07-22 08:44:56.665 [restartedMain] DEBUG c.e.backend.config.SecurityConfig.corsConfigurationSource:99 - [GÜVENLİK-CORS] İzin verilen origin: [http://localhost:4200]
2025-07-22 08:44:56.665 [restartedMain] DEBUG c.e.backend.config.SecurityConfig.corsConfigurationSource:100 - [GÜVENLİK-CORS] İzin verilen method'lar: [GET, POST, PUT, DELETE, OPTIONS]
2025-07-22 08:44:56.666 [restartedMain] DEBUG c.e.backend.config.SecurityConfig.corsConfigurationSource:101 - [GÜVENLİK-CORS] İzin verilen header'lar: [*]
2025-07-22 08:44:56.666 [restartedMain] DEBUG c.e.backend.config.SecurityConfig.corsConfigurationSource:102 - [GÜVENLİK-CORS] Credentials izni: true
2025-07-22 08:44:56.666 [restartedMain] INFO  c.e.backend.config.SecurityConfig.corsConfigurationSource:107 - [GÜVENLİK-CORS] CORS konfigürasyonu başarıyla oluşturuldu
2025-07-22 08:44:56.667 [restartedMain] DEBUG c.e.backend.config.SecurityConfig.lambda$filterChain$3:44 - [GÜVENLİK-CSRF] CSRF konfigürasyonu uygulanıyor
2025-07-22 08:44:56.778 [restartedMain] INFO  c.e.backend.config.SecurityConfig.filterChain:79 - [GÜVENLİK] Security filter chain başarıyla konfigüre edildi
2025-07-22 08:44:56.794 [restartedMain] DEBUG o.s.s.web.DefaultSecurityFilterChain.<init>:72 - Will secure any request with filters: DisableEncodeUrlFilter, WebAsyncManagerIntegrationFilter, SecurityContextHolderFilter, HeaderWriterFilter, CorsFilter, CsrfFilter, LogoutFilter, RequestCacheAwareFilter, SecurityContextHolderAwareRequestFilter, AnonymousAuthenticationFilter, ExceptionTranslationFilter, AuthorizationFilter
2025-07-22 08:44:56.922 [restartedMain] INFO  o.s.b.d.a.OptionalLiveReloadServer.startServer:59 - LiveReload server is running on port 35729
2025-07-22 08:44:56.936 [restartedMain] INFO  o.a.coyote.http11.Http11NioProtocol.log:168 - Starting ProtocolHandler ["http-nio-8080"]
2025-07-22 08:44:56.949 [restartedMain] INFO  o.s.b.w.e.tomcat.TomcatWebServer.start:243 - Tomcat started on port 8080 (http) with context path '/'
2025-07-22 08:44:56.955 [restartedMain] INFO  c.example.backend.BackendApplication.logStarted:59 - Started BackendApplication in 3.571 seconds (process running for 4.195)
2025-07-22 08:44:56.957 [restartedMain] INFO  c.e.backend.config.DataInitializer.run:33 - [DATA-INIT] Uygulama başlatılıyor - Veri kontrolü yapılıyor
2025-07-22 08:44:57.171 [restartedMain] INFO  c.e.backend.config.DataInitializer.run:37 - [DATA-INIT] Mevcut bölüm sayısı: 5
2025-07-22 08:44:57.171 [restartedMain] INFO  c.e.backend.config.DataInitializer.run:44 - [DATA-INIT] Bölümler zaten mevcut, yeni bölüm eklenmeyecek
2025-07-22 08:44:57.215 [restartedMain] INFO  c.e.backend.config.DataInitializer.run:56 - [DATA-INIT] İlk ADMIN Kullanıcısı zaten mevcut, tekrar eklenmeyecek
2025-07-22 09:01:18.506 [SpringApplicationShutdownHook] INFO  o.s.b.w.e.tomcat.GracefulShutdown.shutDownGracefully:54 - Commencing graceful shutdown. Waiting for active requests to complete
2025-07-22 09:01:18.512 [tomcat-shutdown] INFO  o.s.b.w.e.tomcat.GracefulShutdown.doShutdown:76 - Graceful shutdown complete
2025-07-22 09:01:18.515 [SpringApplicationShutdownHook] INFO  o.s.o.j.LocalContainerEntityManagerFactoryBean.destroy:660 - Closing JPA EntityManagerFactory for persistence unit 'default'
2025-07-22 09:01:18.518 [SpringApplicationShutdownHook] INFO  com.zaxxer.hikari.HikariDataSource.close:349 - HikariPool-1 - Shutdown initiated...
2025-07-22 09:01:18.519 [SpringApplicationShutdownHook] INFO  com.zaxxer.hikari.HikariDataSource.close:351 - HikariPool-1 - Shutdown completed.
2025-07-22 09:01:22.967 [background-preinit] INFO  o.h.validator.internal.util.Version.<clinit>:21 - HV000001: Hibernate Validator 8.0.2.Final
2025-07-22 09:01:23.014 [restartedMain] INFO  c.example.backend.BackendApplication.logStarting:53 - Starting BackendApplication using Java 23.0.2 with PID 21100 (D:\Staj-Proje\Backend\target\classes started by Monsterr in D:\Staj-Proje\Backend)
2025-07-22 09:01:23.015 [restartedMain] DEBUG c.example.backend.BackendApplication.logStarting:54 - Running with Spring Boot v3.5.3, Spring v6.2.8
2025-07-22 09:01:23.016 [restartedMain] INFO  c.example.backend.BackendApplication.logStartupProfileInfo:652 - No active profile set, falling back to 1 default profile: "default"
2025-07-22 09:01:23.059 [restartedMain] INFO  o.s.b.d.e.DevToolsPropertyDefaultsPostProcessor.logTo:252 - Devtools property defaults active! Set 'spring.devtools.add-properties' to 'false' to disable
2025-07-22 09:01:23.059 [restartedMain] INFO  o.s.b.d.e.DevToolsPropertyDefaultsPostProcessor.logTo:252 - For additional web related logging consider setting the 'logging.level.web' property to 'DEBUG'
2025-07-22 09:01:23.578 [restartedMain] INFO  o.s.d.r.c.RepositoryConfigurationDelegate.registerRepositoriesIn:145 - Bootstrapping Spring Data JPA repositories in DEFAULT mode.
2025-07-22 09:01:23.620 [restartedMain] INFO  o.s.d.r.c.RepositoryConfigurationDelegate.registerRepositoriesIn:213 - Finished Spring Data repository scanning in 36 ms. Found 3 JPA repository interfaces.
2025-07-22 09:01:24.070 [restartedMain] INFO  o.s.b.w.e.tomcat.TomcatWebServer.initialize:111 - Tomcat initialized with port 8080 (http)
2025-07-22 09:01:24.081 [restartedMain] INFO  o.a.coyote.http11.Http11NioProtocol.log:168 - Initializing ProtocolHandler ["http-nio-8080"]
2025-07-22 09:01:24.082 [restartedMain] INFO  o.a.catalina.core.StandardService.log:168 - Starting service [Tomcat]
2025-07-22 09:01:24.083 [restartedMain] INFO  o.a.catalina.core.StandardEngine.log:168 - Starting Servlet engine: [Apache Tomcat/10.1.42]
2025-07-22 09:01:24.119 [restartedMain] INFO  o.a.c.c.C.[Tomcat].[localhost].[/].log:168 - Initializing Spring embedded WebApplicationContext
2025-07-22 09:01:24.120 [restartedMain] INFO  o.s.b.w.s.c.ServletWebServerApplicationContext.prepareWebApplicationContext:301 - Root WebApplicationContext: initialization completed in 1061 ms
2025-07-22 09:01:24.250 [restartedMain] INFO  o.h.jpa.internal.util.LogHelper.logPersistenceUnitInformation:31 - HHH000204: Processing PersistenceUnitInfo [name: default]
2025-07-22 09:01:24.289 [restartedMain] INFO  org.hibernate.Version.logVersion:44 - HHH000412: Hibernate ORM core version 6.6.18.Final
2025-07-22 09:01:24.314 [restartedMain] INFO  o.h.c.i.RegionFactoryInitiator.initiateService:50 - HHH000026: Second-level cache disabled
2025-07-22 09:01:24.524 [restartedMain] INFO  o.s.o.j.p.SpringPersistenceUnitInfo.addTransformer:87 - No LoadTimeWeaver setup: ignoring JPA class transformer
2025-07-22 09:01:24.548 [restartedMain] INFO  com.zaxxer.hikari.HikariDataSource.getConnection:109 - HikariPool-1 - Starting...
2025-07-22 09:01:24.683 [restartedMain] INFO  com.zaxxer.hikari.pool.HikariPool.checkFailFast:575 - HikariPool-1 - Added connection org.postgresql.jdbc.PgConnection@7099b295
2025-07-22 09:01:24.684 [restartedMain] INFO  com.zaxxer.hikari.HikariDataSource.getConnection:122 - HikariPool-1 - Start completed.
2025-07-22 09:01:24.736 [restartedMain] INFO  o.hibernate.orm.connections.pooling.logConnectionInfo:163 - HHH10001005: Database info:
	Database JDBC URL [Connecting through datasource 'HikariDataSource (HikariPool-1)']
	Database driver: undefined/unknown
	Database version: 17.4
	Autocommit mode: undefined/unknown
	Isolation level: undefined/unknown
	Minimum pool size: undefined/unknown
	Maximum pool size: undefined/unknown
2025-07-22 09:01:25.350 [restartedMain] INFO  o.h.e.t.j.p.i.JtaPlatformInitiator.initiateService:59 - HHH000489: No JTA platform available (set 'hibernate.transaction.jta.platform' to enable JTA platform integration)
2025-07-22 09:01:25.479 [restartedMain] INFO  o.s.o.j.LocalContainerEntityManagerFactoryBean.buildNativeEntityManagerFactory:447 - Initialized JPA EntityManagerFactory for persistence unit 'default'
2025-07-22 09:01:25.676 [restartedMain] INFO  c.e.backend.config.SecurityConfig.passwordEncoder:25 - [GÜVENLİK] BCryptPasswordEncoder bean'i oluşturuluyor
2025-07-22 09:01:25.736 [restartedMain] WARN  o.s.b.a.o.j.JpaBaseConfiguration$JpaWebConfiguration.openEntityManagerInViewInterceptor:258 - spring.jpa.open-in-view is enabled by default. Therefore, database queries may be performed during view rendering. Explicitly configure spring.jpa.open-in-view to disable this warning
2025-07-22 09:01:25.756 [restartedMain] WARN  o.s.b.a.s.s.UserDetailsServiceAutoConfiguration.getOrDeducePassword:90 - 

Using generated security password: b9a36861-23d5-4adb-85b7-b83b6e29a276

This generated password is for development use only. Your security configuration must be updated before running your application in production.

2025-07-22 09:01:25.761 [restartedMain] INFO  o.s.s.c.a.a.c.InitializeUserDetailsBeanManagerConfigurer$InitializeUserDetailsManagerConfigurer.configure:110 - Global AuthenticationManager configured with UserDetailsService bean with name inMemoryUserDetailsManager
2025-07-22 09:01:25.798 [restartedMain] INFO  c.e.backend.config.SecurityConfig.filterChain:31 - [GÜVENLİK] Security filter chain konfigürasyonu başlatıldı
2025-07-22 09:01:25.799 [restartedMain] DEBUG c.e.backend.config.SecurityConfig.filterChain:36 - [GÜVENLİK] CSRF repository ayarlandı: org.springframework.security.web.csrf.CookieCsrfTokenRepository@3ebe67cf
2025-07-22 09:01:25.799 [restartedMain] DEBUG c.e.backend.config.SecurityConfig.lambda$filterChain$0:40 - [GÜVENLİK-CORS] CORS konfigürasyonu uygulanıyor
2025-07-22 09:01:25.800 [restartedMain] INFO  c.e.backend.config.SecurityConfig.corsConfigurationSource:90 - [GÜVENLİK-CORS] CORS konfigürasyonu oluşturuluyor
2025-07-22 09:01:25.801 [restartedMain] DEBUG c.e.backend.config.SecurityConfig.corsConfigurationSource:99 - [GÜVENLİK-CORS] İzin verilen origin: [http://localhost:4200]
2025-07-22 09:01:25.801 [restartedMain] DEBUG c.e.backend.config.SecurityConfig.corsConfigurationSource:100 - [GÜVENLİK-CORS] İzin verilen method'lar: [GET, POST, PUT, DELETE, OPTIONS]
2025-07-22 09:01:25.801 [restartedMain] DEBUG c.e.backend.config.SecurityConfig.corsConfigurationSource:101 - [GÜVENLİK-CORS] İzin verilen header'lar: [*]
2025-07-22 09:01:25.801 [restartedMain] DEBUG c.e.backend.config.SecurityConfig.corsConfigurationSource:102 - [GÜVENLİK-CORS] Credentials izni: true
2025-07-22 09:01:25.802 [restartedMain] INFO  c.e.backend.config.SecurityConfig.corsConfigurationSource:107 - [GÜVENLİK-CORS] CORS konfigürasyonu başarıyla oluşturuldu
2025-07-22 09:01:25.803 [restartedMain] DEBUG c.e.backend.config.SecurityConfig.lambda$filterChain$3:44 - [GÜVENLİK-CSRF] CSRF konfigürasyonu uygulanıyor
2025-07-22 09:01:25.911 [restartedMain] INFO  c.e.backend.config.SecurityConfig.filterChain:79 - [GÜVENLİK] Security filter chain başarıyla konfigüre edildi
2025-07-22 09:01:25.928 [restartedMain] DEBUG o.s.s.web.DefaultSecurityFilterChain.<init>:72 - Will secure any request with filters: DisableEncodeUrlFilter, WebAsyncManagerIntegrationFilter, SecurityContextHolderFilter, HeaderWriterFilter, CorsFilter, CsrfFilter, LogoutFilter, RequestCacheAwareFilter, SecurityContextHolderAwareRequestFilter, AnonymousAuthenticationFilter, ExceptionTranslationFilter, AuthorizationFilter
2025-07-22 09:01:26.052 [restartedMain] INFO  o.s.b.d.a.OptionalLiveReloadServer.startServer:59 - LiveReload server is running on port 35729
2025-07-22 09:01:26.070 [restartedMain] INFO  o.a.coyote.http11.Http11NioProtocol.log:168 - Starting ProtocolHandler ["http-nio-8080"]
2025-07-22 09:01:26.082 [restartedMain] INFO  o.s.b.w.e.tomcat.TomcatWebServer.start:243 - Tomcat started on port 8080 (http) with context path '/'
2025-07-22 09:01:26.088 [restartedMain] INFO  c.example.backend.BackendApplication.logStarted:59 - Started BackendApplication in 3.539 seconds (process running for 4.231)
2025-07-22 09:01:26.090 [restartedMain] INFO  c.e.backend.config.DataInitializer.run:33 - [DATA-INIT] Uygulama başlatılıyor - Veri kontrolü yapılıyor
2025-07-22 09:01:26.305 [restartedMain] INFO  c.e.backend.config.DataInitializer.run:37 - [DATA-INIT] Mevcut bölüm sayısı: 5
2025-07-22 09:01:26.306 [restartedMain] INFO  c.e.backend.config.DataInitializer.run:44 - [DATA-INIT] Bölümler zaten mevcut, yeni bölüm eklenmeyecek
2025-07-22 09:01:26.347 [restartedMain] INFO  c.e.backend.config.DataInitializer.run:56 - [DATA-INIT] İlk ADMIN Kullanıcısı zaten mevcut, tekrar eklenmeyecek
2025-07-22 09:09:03.860 [File Watcher] INFO  o.s.b.d.a.LocalDevToolsAutoConfiguration$RestartingClassPathChangeChangedEventListener.onApplicationEvent:211 - Restarting due to 1 class path change (0 additions, 0 deletions, 1 modification)
2025-07-22 09:09:03.863 [Thread-5] INFO  o.s.b.w.e.tomcat.GracefulShutdown.shutDownGracefully:54 - Commencing graceful shutdown. Waiting for active requests to complete
2025-07-22 09:09:03.864 [tomcat-shutdown] INFO  o.a.coyote.http11.Http11NioProtocol.log:168 - Pausing ProtocolHandler ["http-nio-8080"]
2025-07-22 09:09:03.871 [tomcat-shutdown] INFO  o.s.b.w.e.tomcat.GracefulShutdown.doShutdown:76 - Graceful shutdown complete
2025-07-22 09:09:03.871 [Thread-5] INFO  o.a.coyote.http11.Http11NioProtocol.log:168 - Stopping ProtocolHandler ["http-nio-8080"]
2025-07-22 09:09:03.875 [Thread-5] INFO  o.s.o.j.LocalContainerEntityManagerFactoryBean.destroy:660 - Closing JPA EntityManagerFactory for persistence unit 'default'
2025-07-22 09:09:03.878 [Thread-5] INFO  com.zaxxer.hikari.HikariDataSource.close:349 - HikariPool-1 - Shutdown initiated...
2025-07-22 09:09:03.881 [Thread-5] INFO  com.zaxxer.hikari.HikariDataSource.close:351 - HikariPool-1 - Shutdown completed.
2025-07-22 09:09:03.957 [restartedMain] INFO  c.example.backend.BackendApplication.logStarting:53 - Starting BackendApplication using Java 23.0.2 with PID 21100 (D:\Staj-Proje\Backend\target\classes started by Monsterr in D:\Staj-Proje\Backend)
2025-07-22 09:09:03.957 [restartedMain] DEBUG c.example.backend.BackendApplication.logStarting:54 - Running with Spring Boot v3.5.3, Spring v6.2.8
2025-07-22 09:09:03.957 [restartedMain] INFO  c.example.backend.BackendApplication.logStartupProfileInfo:652 - No active profile set, falling back to 1 default profile: "default"
2025-07-22 09:09:04.126 [restartedMain] INFO  o.s.d.r.c.RepositoryConfigurationDelegate.registerRepositoriesIn:145 - Bootstrapping Spring Data JPA repositories in DEFAULT mode.
2025-07-22 09:09:04.139 [restartedMain] INFO  o.s.d.r.c.RepositoryConfigurationDelegate.registerRepositoriesIn:213 - Finished Spring Data repository scanning in 11 ms. Found 3 JPA repository interfaces.
2025-07-22 09:09:04.238 [restartedMain] INFO  o.s.b.w.e.tomcat.TomcatWebServer.initialize:111 - Tomcat initialized with port 8080 (http)
2025-07-22 09:09:04.239 [restartedMain] INFO  o.a.coyote.http11.Http11NioProtocol.log:168 - Initializing ProtocolHandler ["http-nio-0.0.0.0-8080"]
2025-07-22 09:09:04.239 [restartedMain] INFO  o.a.catalina.core.StandardService.log:168 - Starting service [Tomcat]
2025-07-22 09:09:04.240 [restartedMain] INFO  o.a.catalina.core.StandardEngine.log:168 - Starting Servlet engine: [Apache Tomcat/10.1.42]
2025-07-22 09:09:04.254 [restartedMain] INFO  o.a.c.c.C.[Tomcat].[localhost].[/].log:168 - Initializing Spring embedded WebApplicationContext
2025-07-22 09:09:04.254 [restartedMain] INFO  o.s.b.w.s.c.ServletWebServerApplicationContext.prepareWebApplicationContext:301 - Root WebApplicationContext: initialization completed in 295 ms
2025-07-22 09:09:04.283 [restartedMain] INFO  o.h.jpa.internal.util.LogHelper.logPersistenceUnitInformation:31 - HHH000204: Processing PersistenceUnitInfo [name: default]
2025-07-22 09:09:04.285 [restartedMain] INFO  o.h.c.i.RegionFactoryInitiator.initiateService:50 - HHH000026: Second-level cache disabled
2025-07-22 09:09:04.292 [restartedMain] INFO  o.s.o.j.p.SpringPersistenceUnitInfo.addTransformer:87 - No LoadTimeWeaver setup: ignoring JPA class transformer
2025-07-22 09:09:04.293 [restartedMain] INFO  com.zaxxer.hikari.HikariDataSource.getConnection:109 - HikariPool-2 - Starting...
2025-07-22 09:09:04.344 [restartedMain] INFO  com.zaxxer.hikari.pool.HikariPool.checkFailFast:575 - HikariPool-2 - Added connection org.postgresql.jdbc.PgConnection@33f349b0
2025-07-22 09:09:04.344 [restartedMain] INFO  com.zaxxer.hikari.HikariDataSource.getConnection:122 - HikariPool-2 - Start completed.
2025-07-22 09:09:04.354 [restartedMain] INFO  o.hibernate.orm.connections.pooling.logConnectionInfo:163 - HHH10001005: Database info:
	Database JDBC URL [Connecting through datasource 'HikariDataSource (HikariPool-2)']
	Database driver: undefined/unknown
	Database version: 17.4
	Autocommit mode: undefined/unknown
	Isolation level: undefined/unknown
	Minimum pool size: undefined/unknown
	Maximum pool size: undefined/unknown
2025-07-22 09:09:04.418 [restartedMain] INFO  o.h.e.t.j.p.i.JtaPlatformInitiator.initiateService:59 - HHH000489: No JTA platform available (set 'hibernate.transaction.jta.platform' to enable JTA platform integration)
2025-07-22 09:09:04.498 [restartedMain] INFO  o.s.o.j.LocalContainerEntityManagerFactoryBean.buildNativeEntityManagerFactory:447 - Initialized JPA EntityManagerFactory for persistence unit 'default'
2025-07-22 09:09:04.543 [restartedMain] INFO  c.e.backend.config.SecurityConfig.passwordEncoder:25 - [GÜVENLİK] BCryptPasswordEncoder bean'i oluşturuluyor
2025-07-22 09:09:04.573 [restartedMain] WARN  o.s.b.a.o.j.JpaBaseConfiguration$JpaWebConfiguration.openEntityManagerInViewInterceptor:258 - spring.jpa.open-in-view is enabled by default. Therefore, database queries may be performed during view rendering. Explicitly configure spring.jpa.open-in-view to disable this warning
2025-07-22 09:09:04.580 [restartedMain] WARN  o.s.b.a.s.s.UserDetailsServiceAutoConfiguration.getOrDeducePassword:90 - 

Using generated security password: 72fbc679-145d-44b9-974d-6ce4c18e9ec6

This generated password is for development use only. Your security configuration must be updated before running your application in production.

2025-07-22 09:09:04.580 [restartedMain] INFO  o.s.s.c.a.a.c.InitializeUserDetailsBeanManagerConfigurer$InitializeUserDetailsManagerConfigurer.configure:110 - Global AuthenticationManager configured with UserDetailsService bean with name inMemoryUserDetailsManager
2025-07-22 09:09:04.582 [restartedMain] INFO  c.e.backend.config.SecurityConfig.filterChain:31 - [GÜVENLİK] Security filter chain konfigürasyonu başlatıldı
2025-07-22 09:09:04.582 [restartedMain] DEBUG c.e.backend.config.SecurityConfig.filterChain:36 - [GÜVENLİK] CSRF repository ayarlandı: org.springframework.security.web.csrf.CookieCsrfTokenRepository@42592249
2025-07-22 09:09:04.583 [restartedMain] DEBUG c.e.backend.config.SecurityConfig.lambda$filterChain$0:40 - [GÜVENLİK-CORS] CORS konfigürasyonu uygulanıyor
2025-07-22 09:09:04.583 [restartedMain] INFO  c.e.backend.config.SecurityConfig.corsConfigurationSource:90 - [GÜVENLİK-CORS] CORS konfigürasyonu oluşturuluyor
2025-07-22 09:09:04.583 [restartedMain] DEBUG c.e.backend.config.SecurityConfig.corsConfigurationSource:99 - [GÜVENLİK-CORS] İzin verilen origin: [http://localhost:4200]
2025-07-22 09:09:04.583 [restartedMain] DEBUG c.e.backend.config.SecurityConfig.corsConfigurationSource:100 - [GÜVENLİK-CORS] İzin verilen method'lar: [GET, POST, PUT, DELETE, OPTIONS]
2025-07-22 09:09:04.583 [restartedMain] DEBUG c.e.backend.config.SecurityConfig.corsConfigurationSource:101 - [GÜVENLİK-CORS] İzin verilen header'lar: [*]
2025-07-22 09:09:04.584 [restartedMain] DEBUG c.e.backend.config.SecurityConfig.corsConfigurationSource:102 - [GÜVENLİK-CORS] Credentials izni: true
2025-07-22 09:09:04.584 [restartedMain] INFO  c.e.backend.config.SecurityConfig.corsConfigurationSource:107 - [GÜVENLİK-CORS] CORS konfigürasyonu başarıyla oluşturuldu
2025-07-22 09:09:04.584 [restartedMain] DEBUG c.e.backend.config.SecurityConfig.lambda$filterChain$3:44 - [GÜVENLİK-CSRF] CSRF konfigürasyonu uygulanıyor
2025-07-22 09:09:04.626 [restartedMain] INFO  c.e.backend.config.SecurityConfig.filterChain:79 - [GÜVENLİK] Security filter chain başarıyla konfigüre edildi
2025-07-22 09:09:04.631 [restartedMain] DEBUG o.s.s.web.DefaultSecurityFilterChain.<init>:72 - Will secure any request with filters: DisableEncodeUrlFilter, WebAsyncManagerIntegrationFilter, SecurityContextHolderFilter, HeaderWriterFilter, CorsFilter, CsrfFilter, LogoutFilter, RequestCacheAwareFilter, SecurityContextHolderAwareRequestFilter, AnonymousAuthenticationFilter, ExceptionTranslationFilter, AuthorizationFilter
2025-07-22 09:09:04.672 [restartedMain] INFO  o.s.b.d.a.OptionalLiveReloadServer.startServer:59 - LiveReload server is running on port 35729
2025-07-22 09:09:04.679 [restartedMain] INFO  o.a.coyote.http11.Http11NioProtocol.log:168 - Starting ProtocolHandler ["http-nio-0.0.0.0-8080"]
2025-07-22 09:09:04.681 [restartedMain] INFO  o.s.b.w.e.tomcat.TomcatWebServer.start:243 - Tomcat started on port 8080 (http) with context path '/'
2025-07-22 09:09:04.683 [restartedMain] INFO  c.example.backend.BackendApplication.logStarted:59 - Started BackendApplication in 0.761 seconds (process running for 462.827)
2025-07-22 09:09:04.684 [restartedMain] INFO  c.e.backend.config.DataInitializer.run:33 - [DATA-INIT] Uygulama başlatılıyor - Veri kontrolü yapılıyor
2025-07-22 09:09:04.687 [restartedMain] INFO  c.e.backend.config.DataInitializer.run:37 - [DATA-INIT] Mevcut bölüm sayısı: 5
2025-07-22 09:09:04.687 [restartedMain] INFO  c.e.backend.config.DataInitializer.run:44 - [DATA-INIT] Bölümler zaten mevcut, yeni bölüm eklenmeyecek
2025-07-22 09:09:04.716 [restartedMain] INFO  c.e.backend.config.DataInitializer.run:56 - [DATA-INIT] İlk ADMIN Kullanıcısı zaten mevcut, tekrar eklenmeyecek
2025-07-22 09:09:04.717 [restartedMain] INFO  o.s.b.d.a.ConditionEvaluationDeltaLoggingListener.onApplicationEvent:63 - Condition evaluation unchanged
2025-07-22 09:09:07.036 [SpringApplicationShutdownHook] INFO  o.s.b.w.e.tomcat.GracefulShutdown.shutDownGracefully:54 - Commencing graceful shutdown. Waiting for active requests to complete
2025-07-22 09:09:07.042 [tomcat-shutdown] INFO  o.s.b.w.e.tomcat.GracefulShutdown.doShutdown:76 - Graceful shutdown complete
2025-07-22 09:09:07.045 [SpringApplicationShutdownHook] INFO  o.s.o.j.LocalContainerEntityManagerFactoryBean.destroy:660 - Closing JPA EntityManagerFactory for persistence unit 'default'
2025-07-22 09:09:07.045 [SpringApplicationShutdownHook] INFO  com.zaxxer.hikari.HikariDataSource.close:349 - HikariPool-2 - Shutdown initiated...
2025-07-22 09:09:07.047 [SpringApplicationShutdownHook] INFO  com.zaxxer.hikari.HikariDataSource.close:351 - HikariPool-2 - Shutdown completed.
